Using pre-set license
Built from '2020.3/staging' branch; Version is '2020.3.26f1 (7298b473bc1a) revision 7510196'; Using compiler version '192528614'; Build Type 'Release'
OS: 'Windows 10  (10.0.19041) 64bit Professional' Language: 'ru' Physical Memory: 16302 MB
BatchMode: 1, IsHumanControllingUs: 0, StartBugReporterOnCrash: 0, Is64bit: 1, IsPro: 0

COMMAND LINE ARGUMENTS:
T:\unity\Editor\Unity.exe
-adb2
-batchMode
-noUpm
-name
AssetImportWorker0
-projectPath
T:/Test project
-logFile
Logs/AssetImportWorker0.log
-srvPort
51442
Successfully changed project path to: T:/Test project
T:/Test project
Using Asset Import Pipeline V2.
Refreshing native plugins compatible for Editor in 74.92 ms, found 2 plugins.
Preloading 0 native plugins for Editor in 0.00 ms.
Initialize engine version: 2020.3.26f1 (7298b473bc1a)
[Subsystems] Discovering subsystems at path T:/unity/Editor/Data/Resources/UnitySubsystems
[Subsystems] Discovering subsystems at path T:/Test project/Assets
GfxDevice: creating device client; threaded=0
Direct3D:
    Version:  Direct3D 11.0 [level 11.1]
    Renderer: NVIDIA GeForce GTX 1060 3GB (ID=0x1c02)
    Vendor:   
    VRAM:     2988 MB
    Driver:   27.21.14.5671
Initialize mono
Mono path[0] = 'T:/unity/Editor/Data/Managed'
Mono path[1] = 'T:/unity/Editor/Data/MonoBleedingEdge/lib/mono/unityjit'
Mono config path = 'T:/unity/Editor/Data/MonoBleedingEdge/etc'
Using monoOptions --debugger-agent=transport=dt_socket,embedding=1,server=y,suspend=n,address=127.0.0.1:56952
Begin MonoManager ReloadAssembly
Registering precompiled unity dll's ...
Register platform support module: T:/unity/Editor/Data/PlaybackEngines/WindowsStandaloneSupport/UnityEditor.WindowsStandalone.Extensions.dll
Registered in 0.001887 seconds.
Native extension for WindowsStandalone target not found
Refreshing native plugins compatible for Editor in 78.99 ms, found 2 plugins.
Preloading 0 native plugins for Editor in 0.00 ms.
Mono: successfully reloaded assembly
- Completed reload, in  1.423 seconds
Domain Reload Profiling:
	ReloadAssembly (1423ms)
		BeginReloadAssembly (163ms)
			ExecutionOrderSort (0ms)
			DisableScriptedObjects (0ms)
			BackupInstance (0ms)
			ReleaseScriptingObjects (0ms)
			CreateAndSetChildDomain (3ms)
		EndReloadAssembly (1121ms)
			LoadAssemblies (158ms)
			RebuildTransferFunctionScriptingTraits (0ms)
			SetupTypeCache (347ms)
			ReleaseScriptCaches (0ms)
			RebuildScriptCaches (70ms)
			SetupLoadedEditorAssemblies (456ms)
				LogAssemblyErrors (0ms)
				InitializePlatformSupportModulesInManaged (7ms)
				SetLoadedEditorAssemblies (0ms)
				RefreshPlugins (79ms)
				BeforeProcessingInitializeOnLoad (29ms)
				ProcessInitializeOnLoadAttributes (260ms)
				ProcessInitializeOnLoadMethodAttributes (80ms)
				AfterProcessingInitializeOnLoad (0ms)
				EditorAssembliesLoaded (0ms)
			ExecutionOrderSort2 (0ms)
			AwakeInstancesAfterBackupRestoration (0ms)
Platform modules already initialized, skipping
Registering precompiled user dll's ...
Registered in 0.005236 seconds.
Begin MonoManager ReloadAssembly
Native extension for WindowsStandalone target not found
Refreshing native plugins compatible for Editor in 0.70 ms, found 2 plugins.
Preloading 0 native plugins for Editor in 0.00 ms.
Mono: successfully reloaded assembly
- Completed reload, in  2.145 seconds
Domain Reload Profiling:
	ReloadAssembly (2146ms)
		BeginReloadAssembly (307ms)
			ExecutionOrderSort (0ms)
			DisableScriptedObjects (9ms)
			BackupInstance (0ms)
			ReleaseScriptingObjects (0ms)
			CreateAndSetChildDomain (45ms)
		EndReloadAssembly (1739ms)
			LoadAssemblies (214ms)
			RebuildTransferFunctionScriptingTraits (0ms)
			SetupTypeCache (618ms)
			ReleaseScriptCaches (1ms)
			RebuildScriptCaches (79ms)
			SetupLoadedEditorAssemblies (629ms)
				LogAssemblyErrors (0ms)
				InitializePlatformSupportModulesInManaged (8ms)
				SetLoadedEditorAssemblies (1ms)
				RefreshPlugins (1ms)
				BeforeProcessingInitializeOnLoad (103ms)
				ProcessInitializeOnLoadAttributes (495ms)
				ProcessInitializeOnLoadMethodAttributes (17ms)
				AfterProcessingInitializeOnLoad (4ms)
				EditorAssembliesLoaded (0ms)
			ExecutionOrderSort2 (0ms)
			AwakeInstancesAfterBackupRestoration (12ms)
Platform modules already initialized, skipping
========================================================================
Worker process is ready to serve import requests
Launched and connected shader compiler UnityShaderCompiler.exe after 0.15 seconds
Refreshing native plugins compatible for Editor in 0.64 ms, found 2 plugins.
Preloading 0 native plugins for Editor in 0.00 ms.
Unloading 1503 Unused Serialized files (Serialized files now loaded: 0)
System memory in use before: 67.5 MB.
System memory in use after: 67.6 MB.

Unloading 19 unused Assets to reduce memory usage. Loaded Objects now: 1935.
Total: 6.938400 ms (FindLiveObjects: 0.220200 ms CreateObjectMapping: 0.087200 ms MarkObjects: 6.453200 ms  DeleteObjects: 0.175400 ms)

AssetImportParameters requested are different than current active one (requested -> active):
  custom:framework-win-MediaFoundation: 216162199b28c13a410421893ffa2e32 -> 
  custom:video-decoder-ogg-theora: a1e56fd34408186e4bbccfd4996cb3dc -> 
  custom:container-muxer-webm: aa71ff27fc2769a1b78a27578f13a17b -> 
  custom:container-demuxer-webm: 4f35f7cbe854078d1ac9338744f61a02 -> 
  custom:container-demuxer-ogg: 62fdf1f143b41e24485cea50d1cbac27 -> 
  custom:video-encoder-webm-vp8: eb34c28f22e8b96e1ab97ce403110664 -> 
  custom:video-decoder-webm-vp8: 9c59270c3fd7afecdb556c50c9e8de78 -> 
  custom:audio-decoder-ogg-vorbis: bf7c407c2cedff20999df2af8eb42d56 -> 
  custom:audio-encoder-webm-vorbis: bf7c407c2cedff20999df2af8eb42d56 -> 
========================================================================
Received Import Request.
  path: Assets/textur/red.mat
  artifactKey: Guid(9a2cc1ac4c66a1b46ad5b20ff5ac41b5) Importer(815301076,1909f56bfc062723c751e8b465ee728b)
Start importing Assets/textur/red.mat using Guid(9a2cc1ac4c66a1b46ad5b20ff5ac41b5) Importer(815301076,1909f56bfc062723c751e8b465ee728b)  -> (artifact id: 'da0f656ef954df7bdf381ce400bf0a45') in 0.312424 seconds 
  Import took 0.316171 seconds .

========================================================================
Received Import Request.
  Time since last request: 0.000749 seconds.
  path: Assets/textur/wod1.mat
  artifactKey: Guid(1e4b433aee78b8b46b7abdc9bd655e3e) Importer(815301076,1909f56bfc062723c751e8b465ee728b)
Start importing Assets/textur/wod1.mat using Guid(1e4b433aee78b8b46b7abdc9bd655e3e) Importer(815301076,1909f56bfc062723c751e8b465ee728b)  -> (artifact id: 'ba3bd65bb6c119ee6221eea6fee6fc62') in 0.012965 seconds 
  Import took 0.016024 seconds .

========================================================================
Received Import Request.
  Time since last request: 0.000611 seconds.
  path: Assets/textur/yellow.mat
  artifactKey: Guid(309f8d5a209746248a6d6805e641d99b) Importer(815301076,1909f56bfc062723c751e8b465ee728b)
Start importing Assets/textur/yellow.mat using Guid(309f8d5a209746248a6d6805e641d99b) Importer(815301076,1909f56bfc062723c751e8b465ee728b)  -> (artifact id: 'fe99e9c8d08febff5c77feb92d349a94') in 0.013370 seconds 
  Import took 0.017014 seconds .

========================================================================
Received Import Request.
  Time since last request: 0.000470 seconds.
  path: Assets/textur/black.mat
  artifactKey: Guid(7b8b4e79534db1d4a86550e233f89400) Importer(815301076,1909f56bfc062723c751e8b465ee728b)
Start importing Assets/textur/black.mat using Guid(7b8b4e79534db1d4a86550e233f89400) Importer(815301076,1909f56bfc062723c751e8b465ee728b)  -> (artifact id: 'f3880a7312a9f6258ecd3210d6274ff3') in 0.011555 seconds 
  Import took 0.014658 seconds .

========================================================================
Received Import Request.
  Time since last request: 0.000380 seconds.
  path: Assets/textur/wol2.mat
  artifactKey: Guid(68aaff2183eeb93459e9554757e1f930) Importer(815301076,1909f56bfc062723c751e8b465ee728b)
Start importing Assets/textur/wol2.mat using Guid(68aaff2183eeb93459e9554757e1f930) Importer(815301076,1909f56bfc062723c751e8b465ee728b)  -> (artifact id: '7908f32ed7d56a4ce58656504461b8cb') in 0.010526 seconds 
  Import took 0.013602 seconds .

========================================================================
Received Import Request.
  Time since last request: 0.000336 seconds.
  path: Assets/textur/wood2.mat
  artifactKey: Guid(466a414618fa6a949a1ea69a72cfd9a7) Importer(815301076,1909f56bfc062723c751e8b465ee728b)
Start importing Assets/textur/wood2.mat using Guid(466a414618fa6a949a1ea69a72cfd9a7) Importer(815301076,1909f56bfc062723c751e8b465ee728b)  -> (artifact id: '85f2f34a89d62ae913ddeba9ba96d02a') in 0.010721 seconds 
  Import took 0.014473 seconds .

========================================================================
Received Import Request.
  Time since last request: 0.000584 seconds.
  path: Assets/textur/skin.mat
  artifactKey: Guid(618b9da575e80d14d8536ac95db95e60) Importer(815301076,1909f56bfc062723c751e8b465ee728b)
Start importing Assets/textur/skin.mat using Guid(618b9da575e80d14d8536ac95db95e60) Importer(815301076,1909f56bfc062723c751e8b465ee728b)  -> (artifact id: 'f7540d4511044d15ed9d0c022cd8dcf9') in 0.011070 seconds 
  Import took 0.014346 seconds .

========================================================================
Received Import Request.
  Time since last request: 559.351075 seconds.
  path: Assets/Scenes/SampleScene.unity
  artifactKey: Guid(9fc0d4010bbf28b4594072e72b8655ab) Importer(815301076,1909f56bfc062723c751e8b465ee728b)
Start importing Assets/Scenes/SampleScene.unity using Guid(9fc0d4010bbf28b4594072e72b8655ab) Importer(815301076,1909f56bfc062723c751e8b465ee728b)  -> (artifact id: 'f61f0dc56a0a515174038c95c5d2a6cb') in 0.002773 seconds 
  Import took 0.031822 seconds .

========================================================================
Received Import Request.
  Time since last request: 618.042896 seconds.
  path: Assets/textur/New Scene.unity
  artifactKey: Guid(61e0f7921f57ab140a77c088669cde38) Importer(815301076,1909f56bfc062723c751e8b465ee728b)
Start importing Assets/textur/New Scene.unity using Guid(61e0f7921f57ab140a77c088669cde38) Importer(815301076,1909f56bfc062723c751e8b465ee728b)  -> (artifact id: '8e212263f5f7e0aacaf0ce024e69b50a') in 0.003123 seconds 
  Import took 0.006302 seconds .

========================================================================
Received Import Request.
  Time since last request: 17.360080 seconds.
  path: Assets/Scenes/SampleScene1.unity
  artifactKey: Guid(9fc0d4010bbf28b4594072e72b8655ab) Importer(815301076,1909f56bfc062723c751e8b465ee728b)
Start importing Assets/Scenes/SampleScene1.unity using Guid(9fc0d4010bbf28b4594072e72b8655ab) Importer(815301076,1909f56bfc062723c751e8b465ee728b)  -> (artifact id: 'd2bd8cfdcffda709d0aaceec883e0dd3') in 0.003064 seconds 
  Import took 0.007643 seconds .

========================================================================
Received Import Request.
  Time since last request: 6.038988 seconds.
  path: Assets/Scenes/New Scene2.unity
  artifactKey: Guid(61e0f7921f57ab140a77c088669cde38) Importer(815301076,1909f56bfc062723c751e8b465ee728b)
Start importing Assets/Scenes/New Scene2.unity using Guid(61e0f7921f57ab140a77c088669cde38) Importer(815301076,1909f56bfc062723c751e8b465ee728b)  -> (artifact id: 'cc72be98dfb8cf7cc052922e6d46a23d') in 0.002998 seconds 
  Import took 0.006196 seconds .

========================================================================
Received Import Request.
  Time since last request: 661.415170 seconds.
  path: Assets/Scenes/level3.unity
  artifactKey: Guid(9fc0d4010bbf28b4594072e72b8655ab) Importer(815301076,1909f56bfc062723c751e8b465ee728b)
Start importing Assets/Scenes/level3.unity using Guid(9fc0d4010bbf28b4594072e72b8655ab) Importer(815301076,1909f56bfc062723c751e8b465ee728b)  -> (artifact id: '4ce91a52460d2210f5be5d98fc841d7f') in 0.002537 seconds 
  Import took 0.005631 seconds .

========================================================================
Received Import Request.
  Time since last request: 1.543691 seconds.
  path: Assets/Scenes/New Scene2.unity
  artifactKey: Guid(61e0f7921f57ab140a77c088669cde38) Importer(815301076,1909f56bfc062723c751e8b465ee728b)
Start importing Assets/Scenes/New Scene2.unity using Guid(61e0f7921f57ab140a77c088669cde38) Importer(815301076,1909f56bfc062723c751e8b465ee728b)  -> (artifact id: 'e6f7d853d2bb2efd46e85b1da2b33cc9') in 0.002393 seconds 
  Import took 0.005494 seconds .

========================================================================
Received Import Request.
  Time since last request: 10.146375 seconds.
  path: Assets/Scenes/level2.unity
  artifactKey: Guid(61e0f7921f57ab140a77c088669cde38) Importer(815301076,1909f56bfc062723c751e8b465ee728b)
Start importing Assets/Scenes/level2.unity using Guid(61e0f7921f57ab140a77c088669cde38) Importer(815301076,1909f56bfc062723c751e8b465ee728b)  -> (artifact id: '49f4adb2dcc4005778f383f1f7831d5c') in 0.003669 seconds 
  Import took 0.007355 seconds .

========================================================================
Received Import Request.
  Time since last request: 90.247439 seconds.
  path: Assets/Scenes/level2.unity
  artifactKey: Guid(61e0f7921f57ab140a77c088669cde38) Importer(815301076,1909f56bfc062723c751e8b465ee728b)
Start importing Assets/Scenes/level2.unity using Guid(61e0f7921f57ab140a77c088669cde38) Importer(815301076,1909f56bfc062723c751e8b465ee728b)  -> (artifact id: '978da5d3e644dcfc02104465dca1943d') in 0.002425 seconds 
  Import took 0.005529 seconds .

========================================================================
Received Import Request.
  Time since last request: 72.891991 seconds.
  path: Assets/Scenes
  artifactKey: Guid(3a40233552ae5c6478dc5383a666bfe6) Importer(815301076,1909f56bfc062723c751e8b465ee728b)
Start importing Assets/Scenes using Guid(3a40233552ae5c6478dc5383a666bfe6) Importer(815301076,1909f56bfc062723c751e8b465ee728b)  -> (artifact id: '234468a03f3b05475f438e8f941b603c') in 0.004518 seconds 
  Import took 0.010616 seconds .

========================================================================
Received Import Request.
  Time since last request: 15.698873 seconds.
  path: Assets/Scenes/level1.unity
  artifactKey: Guid(27cd998ca85ac654e847f9c22a766e94) Importer(815301076,1909f56bfc062723c751e8b465ee728b)
Start importing Assets/Scenes/level1.unity using Guid(27cd998ca85ac654e847f9c22a766e94) Importer(815301076,1909f56bfc062723c751e8b465ee728b)  -> (artifact id: '2204a82e88afa34f5d381c56e3509891') in 0.003407 seconds 
  Import took 0.006981 seconds .

========================================================================
Received Import Request.
  Time since last request: 70.636405 seconds.
  path: Assets/Scenes/level3.unity
  artifactKey: Guid(9fc0d4010bbf28b4594072e72b8655ab) Importer(815301076,1909f56bfc062723c751e8b465ee728b)
Start importing Assets/Scenes/level3.unity using Guid(9fc0d4010bbf28b4594072e72b8655ab) Importer(815301076,1909f56bfc062723c751e8b465ee728b)  -> (artifact id: 'c338ba91491b73d00d996d5f0173debd') in 0.002388 seconds 
  Import took 0.005530 seconds .

========================================================================
Received Import Request.
  Time since last request: 32.777468 seconds.
  path: Assets/Scenes/level1.unity
  artifactKey: Guid(27cd998ca85ac654e847f9c22a766e94) Importer(815301076,1909f56bfc062723c751e8b465ee728b)
Start importing Assets/Scenes/level1.unity using Guid(27cd998ca85ac654e847f9c22a766e94) Importer(815301076,1909f56bfc062723c751e8b465ee728b)  -> (artifact id: 'bae7b87f71421cb8b30bf70c86a55a38') in 0.002387 seconds 
  Import took 0.005492 seconds .

========================================================================
Received Import Request.
  Time since last request: 148.509956 seconds.
  path: Assets/Scenes/level1.unity
  artifactKey: Guid(27cd998ca85ac654e847f9c22a766e94) Importer(815301076,1909f56bfc062723c751e8b465ee728b)
Start importing Assets/Scenes/level1.unity using Guid(27cd998ca85ac654e847f9c22a766e94) Importer(815301076,1909f56bfc062723c751e8b465ee728b)  -> (artifact id: 'ee0bfb9506f032c41c7315934aa5ffc5') in 0.002451 seconds 
  Import took 0.005712 seconds .

========================================================================
Received Import Request.
  Time since last request: 14.377327 seconds.
  path: Assets/Scenes/level1.unity
  artifactKey: Guid(27cd998ca85ac654e847f9c22a766e94) Importer(815301076,1909f56bfc062723c751e8b465ee728b)
Start importing Assets/Scenes/level1.unity using Guid(27cd998ca85ac654e847f9c22a766e94) Importer(815301076,1909f56bfc062723c751e8b465ee728b)  -> (artifact id: '0498766756e88eb278be85d85292bf14') in 0.003064 seconds 
  Import took 0.006473 seconds .

========================================================================
Received Import Request.
  Time since last request: 930.761768 seconds.
  path: Assets/animations
  artifactKey: Guid(2d78b8a7166e7d9428d1cecc318a13c3) Importer(815301076,1909f56bfc062723c751e8b465ee728b)
Start importing Assets/animations using Guid(2d78b8a7166e7d9428d1cecc318a13c3) Importer(815301076,1909f56bfc062723c751e8b465ee728b)  -> (artifact id: '84866277e2280dd1f61c8d1a35cebd5d') in 0.002745 seconds 
  Import took 0.006738 seconds .

========================================================================
Received Import Request.
  Time since last request: 185.311872 seconds.
  path: Assets/prefab
  artifactKey: Guid(d357e7df7d761bc40a37cdf4b27d843c) Importer(815301076,1909f56bfc062723c751e8b465ee728b)
Start importing Assets/prefab using Guid(d357e7df7d761bc40a37cdf4b27d843c) Importer(815301076,1909f56bfc062723c751e8b465ee728b)  -> (artifact id: '2b3d440fe1a08441bff5cadcececfbdd') in 0.002221 seconds 
  Import took 0.005322 seconds .

========================================================================
Received Import Request.
  Time since last request: 117.924326 seconds.
  path: Assets/New Prefab.prefab
  artifactKey: Guid(d3011a76d22d1024682c0faca58004d6) Importer(815301076,1909f56bfc062723c751e8b465ee728b)
Start importing Assets/New Prefab.prefab using Guid(d3011a76d22d1024682c0faca58004d6) Importer(815301076,1909f56bfc062723c751e8b465ee728b)  -> (artifact id: '243137c1733eb299bd76f69d0beb0a69') in 0.019509 seconds 
  Import took 0.023147 seconds .

========================================================================
Received Import Request.
  Time since last request: 23.136555 seconds.
  path: Assets/New Prefab.prefab
  artifactKey: Guid(d3011a76d22d1024682c0faca58004d6) Importer(815301076,1909f56bfc062723c751e8b465ee728b)
Start importing Assets/New Prefab.prefab using Guid(d3011a76d22d1024682c0faca58004d6) Importer(815301076,1909f56bfc062723c751e8b465ee728b)  -> (artifact id: '2c5b5c5c767bde73217f4a4f00bfcd58') in 0.049874 seconds 
  Import took 0.055394 seconds .

========================================================================
Received Import Request.
  Time since last request: 17.455237 seconds.
  path: Assets/Scenes/level1.unity
  artifactKey: Guid(27cd998ca85ac654e847f9c22a766e94) Importer(815301076,1909f56bfc062723c751e8b465ee728b)
Start importing Assets/Scenes/level1.unity using Guid(27cd998ca85ac654e847f9c22a766e94) Importer(815301076,1909f56bfc062723c751e8b465ee728b)  -> (artifact id: '374c806eb753615809dd4a6062f2629b') in 0.002654 seconds 
  Import took 0.005878 seconds .

========================================================================
Received Import Request.
  Time since last request: 3.618775 seconds.
  path: Assets/Scenes/level3.unity
  artifactKey: Guid(9fc0d4010bbf28b4594072e72b8655ab) Importer(815301076,1909f56bfc062723c751e8b465ee728b)
Start importing Assets/Scenes/level3.unity using Guid(9fc0d4010bbf28b4594072e72b8655ab) Importer(815301076,1909f56bfc062723c751e8b465ee728b)  -> (artifact id: 'd0107ba14e4b6703331785bdc9f3bc21') in 0.002421 seconds 
  Import took 0.005572 seconds .

========================================================================
Received Import Request.
  Time since last request: 19.756219 seconds.
  path: Assets/New Prefab 1.prefab
  artifactKey: Guid(54b4932e14b4ace44a4f66f5ced0411a) Importer(815301076,1909f56bfc062723c751e8b465ee728b)
Start importing Assets/New Prefab 1.prefab using Guid(54b4932e14b4ace44a4f66f5ced0411a) Importer(815301076,1909f56bfc062723c751e8b465ee728b)  -> (artifact id: '87d7351f38ce48b8e2901ea0aa106a3c') in 0.011253 seconds 
  Import took 0.014861 seconds .

========================================================================
Received Import Request.
  Time since last request: 23.638394 seconds.
  path: Assets/Character.prefab
  artifactKey: Guid(d3011a76d22d1024682c0faca58004d6) Importer(815301076,1909f56bfc062723c751e8b465ee728b)
Start importing Assets/Character.prefab using Guid(d3011a76d22d1024682c0faca58004d6) Importer(815301076,1909f56bfc062723c751e8b465ee728b)  -> (artifact id: '5f135dbcb0db26dc78e89e29b4336b38') in 0.017956 seconds 
  Import took 0.022599 seconds .

========================================================================
Received Import Request.
  Time since last request: 11.288661 seconds.
  path: Assets/New Prefab 1.prefab
  artifactKey: Guid(54b4932e14b4ace44a4f66f5ced0411a) Importer(815301076,1909f56bfc062723c751e8b465ee728b)
Start importing Assets/New Prefab 1.prefab using Guid(54b4932e14b4ace44a4f66f5ced0411a) Importer(815301076,1909f56bfc062723c751e8b465ee728b)  -> (artifact id: '6e63a2238416b5e3f723f275e4cbacdf') in 0.053334 seconds 
  Import took 0.058012 seconds .

========================================================================
Received Import Request.
  Time since last request: 11.516203 seconds.
  path: Assets/New Prefab.prefab
  artifactKey: Guid(5270c2b97625b37448a1ff7db428d678) Importer(815301076,1909f56bfc062723c751e8b465ee728b)
Start importing Assets/New Prefab.prefab using Guid(5270c2b97625b37448a1ff7db428d678) Importer(815301076,1909f56bfc062723c751e8b465ee728b)  -> (artifact id: 'd04c672101a4978967ac38300faef73d') in 0.009478 seconds 
  Import took 0.013345 seconds .

========================================================================
Received Import Request.
  Time since last request: 7.820181 seconds.
  path: Assets/New Prefab.prefab
  artifactKey: Guid(5270c2b97625b37448a1ff7db428d678) Importer(815301076,1909f56bfc062723c751e8b465ee728b)
Start importing Assets/New Prefab.prefab using Guid(5270c2b97625b37448a1ff7db428d678) Importer(815301076,1909f56bfc062723c751e8b465ee728b)  -> (artifact id: '07726c5cf958f604a065703b77bdeaaa') in 0.052652 seconds 
  Import took 0.059419 seconds .

========================================================================
Received Import Request.
  Time since last request: 15.239204 seconds.
  path: Assets/New Prefab 2.prefab
  artifactKey: Guid(f0a1fc87ee658294a9b4348bf962260e) Importer(815301076,1909f56bfc062723c751e8b465ee728b)
Start importing Assets/New Prefab 2.prefab using Guid(f0a1fc87ee658294a9b4348bf962260e) Importer(815301076,1909f56bfc062723c751e8b465ee728b)  -> (artifact id: 'eff87b53455065183adce9184ad70aaf') in 0.022145 seconds 
  Import took 0.025683 seconds .

========================================================================
Received Import Request.
  Time since last request: 7.392260 seconds.
  path: Assets/New Prefab 2.prefab
  artifactKey: Guid(f0a1fc87ee658294a9b4348bf962260e) Importer(815301076,1909f56bfc062723c751e8b465ee728b)
Start importing Assets/New Prefab 2.prefab using Guid(f0a1fc87ee658294a9b4348bf962260e) Importer(815301076,1909f56bfc062723c751e8b465ee728b)  -> (artifact id: 'f38ceef698e4631ed643b65c1290c47c') in 0.057277 seconds 
  Import took 0.062702 seconds .

========================================================================
Received Import Request.
  Time since last request: 7.959678 seconds.
  path: Assets/New Prefab 3.prefab
  artifactKey: Guid(817242b626f82b544acef18de8619fa7) Importer(815301076,1909f56bfc062723c751e8b465ee728b)
Start importing Assets/New Prefab 3.prefab using Guid(817242b626f82b544acef18de8619fa7) Importer(815301076,1909f56bfc062723c751e8b465ee728b)  -> (artifact id: '3d7bcc676c32e435e742c3e00c35ce7f') in 0.010134 seconds 
  Import took 0.013705 seconds .

========================================================================
Received Import Request.
  Time since last request: 19.403919 seconds.
  path: Assets/New Prefab 3.prefab
  artifactKey: Guid(817242b626f82b544acef18de8619fa7) Importer(815301076,1909f56bfc062723c751e8b465ee728b)
Start importing Assets/New Prefab 3.prefab using Guid(817242b626f82b544acef18de8619fa7) Importer(815301076,1909f56bfc062723c751e8b465ee728b)  -> (artifact id: '1ed21f8d8493ddd4206fec2e56100ac2') in 0.045691 seconds 
  Import took 0.049335 seconds .

========================================================================
Received Import Request.
  Time since last request: 20.731831 seconds.
  path: Assets/New Prefab 4.prefab
  artifactKey: Guid(2acf02d1d619a1f48b3dbb5cc0bd3e47) Importer(815301076,1909f56bfc062723c751e8b465ee728b)
Start importing Assets/New Prefab 4.prefab using Guid(2acf02d1d619a1f48b3dbb5cc0bd3e47) Importer(815301076,1909f56bfc062723c751e8b465ee728b)  -> (artifact id: 'd1446f7fb1b6d3c7c3aa3ce4ab918316') in 0.009344 seconds 
  Import took 0.014361 seconds .

========================================================================
Received Import Request.
  Time since last request: 11.816982 seconds.
  path: Assets/New Prefab 4.prefab
  artifactKey: Guid(2acf02d1d619a1f48b3dbb5cc0bd3e47) Importer(815301076,1909f56bfc062723c751e8b465ee728b)
Start importing Assets/New Prefab 4.prefab using Guid(2acf02d1d619a1f48b3dbb5cc0bd3e47) Importer(815301076,1909f56bfc062723c751e8b465ee728b)  -> (artifact id: '524ecf06217c89e28ce0023e8488c9d3') in 0.058109 seconds 
  Import took 0.062189 seconds .

========================================================================
Received Import Request.
  Time since last request: 6.274090 seconds.
  path: Assets/house combine (10).prefab
  artifactKey: Guid(9bff49d37dc6e79448a85d9e26498d08) Importer(815301076,1909f56bfc062723c751e8b465ee728b)
Start importing Assets/house combine (10).prefab using Guid(9bff49d37dc6e79448a85d9e26498d08) Importer(815301076,1909f56bfc062723c751e8b465ee728b)  -> (artifact id: '4c339ab1593be5332823af90a568c7be') in 0.017914 seconds 
  Import took 0.021462 seconds .

========================================================================
Received Import Request.
  Time since last request: 9.132305 seconds.
  path: Assets/bonus_arch (1).prefab
  artifactKey: Guid(7418a0e4028853d4a9240c92ffd634b9) Importer(815301076,1909f56bfc062723c751e8b465ee728b)
Start importing Assets/bonus_arch (1).prefab using Guid(7418a0e4028853d4a9240c92ffd634b9) Importer(815301076,1909f56bfc062723c751e8b465ee728b)  -> (artifact id: '03021b6837fe2c9eb917add59c7e18e0') in 0.019753 seconds 
  Import took 0.024865 seconds .

========================================================================
Received Import Request.
  Time since last request: 5.728310 seconds.
  path: Assets/bonus (1).prefab
  artifactKey: Guid(0cf8faf110fde30409a51babd6bd04d5) Importer(815301076,1909f56bfc062723c751e8b465ee728b)
Start importing Assets/bonus (1).prefab using Guid(0cf8faf110fde30409a51babd6bd04d5) Importer(815301076,1909f56bfc062723c751e8b465ee728b)  -> (artifact id: '7b7860d7d52ac8279eb7f6b217602f1c') in 0.016602 seconds 
  Import took 0.020185 seconds .

========================================================================
Received Import Request.
  Time since last request: 19.090339 seconds.
  path: Assets/bonus.prefab
  artifactKey: Guid(0cf8faf110fde30409a51babd6bd04d5) Importer(815301076,1909f56bfc062723c751e8b465ee728b)
Start importing Assets/bonus.prefab using Guid(0cf8faf110fde30409a51babd6bd04d5) Importer(815301076,1909f56bfc062723c751e8b465ee728b)  -> (artifact id: '7c946c3e6693f66b2adb92301338bbd9') in 0.015362 seconds 
  Import took 0.018972 seconds .

========================================================================
Received Import Request.
  Time since last request: 9.381143 seconds.
  path: Assets/bonus_arch.prefab
  artifactKey: Guid(7418a0e4028853d4a9240c92ffd634b9) Importer(815301076,1909f56bfc062723c751e8b465ee728b)
Start importing Assets/bonus_arch.prefab using Guid(7418a0e4028853d4a9240c92ffd634b9) Importer(815301076,1909f56bfc062723c751e8b465ee728b)  -> (artifact id: 'db1efcea1eeff206ec539424cda65c7b') in 0.029774 seconds 
  Import took 0.033935 seconds .

========================================================================
Received Import Request.
  Time since last request: 70.192730 seconds.
  path: Assets/the_trap1 (1).prefab
  artifactKey: Guid(61428feff760212488c4fbbbe62f8660) Importer(815301076,1909f56bfc062723c751e8b465ee728b)
Start importing Assets/the_trap1 (1).prefab using Guid(61428feff760212488c4fbbbe62f8660) Importer(815301076,1909f56bfc062723c751e8b465ee728b)  -> (artifact id: 'a79a8b51030648e2b9e2c4dcd4f340f1') in 0.022936 seconds 
  Import took 0.026806 seconds .

========================================================================
Received Import Request.
  Time since last request: 7.914296 seconds.
  path: Assets/the_trap1.prefab
  artifactKey: Guid(61428feff760212488c4fbbbe62f8660) Importer(815301076,1909f56bfc062723c751e8b465ee728b)
Start importing Assets/the_trap1.prefab using Guid(61428feff760212488c4fbbbe62f8660) Importer(815301076,1909f56bfc062723c751e8b465ee728b)  -> (artifact id: 'b0fdcffecf2c5ecaaa2aaf0e36997fe5') in 0.032240 seconds 
  Import took 0.036051 seconds .

========================================================================
Received Import Request.
  Time since last request: 21.945511 seconds.
  path: Assets/the_chinese_wall.prefab
  artifactKey: Guid(f0a1fc87ee658294a9b4348bf962260e) Importer(815301076,1909f56bfc062723c751e8b465ee728b)
Start importing Assets/the_chinese_wall.prefab using Guid(f0a1fc87ee658294a9b4348bf962260e) Importer(815301076,1909f56bfc062723c751e8b465ee728b)  -> (artifact id: '3624a6820235d22b28cc03a92ec180de') in 0.015162 seconds 
  Import took 0.018892 seconds .

========================================================================
Received Import Request.
  Time since last request: 14.581088 seconds.
  path: Assets/Bridge.prefab
  artifactKey: Guid(817242b626f82b544acef18de8619fa7) Importer(815301076,1909f56bfc062723c751e8b465ee728b)
Start importing Assets/Bridge.prefab using Guid(817242b626f82b544acef18de8619fa7) Importer(815301076,1909f56bfc062723c751e8b465ee728b)  -> (artifact id: '9c6d71d3cab189e000c1872e4264c027') in 0.016273 seconds 
  Import took 0.019936 seconds .

========================================================================
Received Import Request.
  Time since last request: 17.579972 seconds.
  path: Assets/the_trap2.prefab
  artifactKey: Guid(5270c2b97625b37448a1ff7db428d678) Importer(815301076,1909f56bfc062723c751e8b465ee728b)
Start importing Assets/the_trap2.prefab using Guid(5270c2b97625b37448a1ff7db428d678) Importer(815301076,1909f56bfc062723c751e8b465ee728b)  -> (artifact id: 'b7f3480c6420bab84136eaab1d9768c6') in 0.020552 seconds 
  Import took 0.024655 seconds .

========================================================================
Received Import Request.
  Time since last request: 27.448953 seconds.
  path: Assets/Finish.prefab
  artifactKey: Guid(2acf02d1d619a1f48b3dbb5cc0bd3e47) Importer(815301076,1909f56bfc062723c751e8b465ee728b)
Start importing Assets/Finish.prefab using Guid(2acf02d1d619a1f48b3dbb5cc0bd3e47) Importer(815301076,1909f56bfc062723c751e8b465ee728b)  -> (artifact id: '0542fd8bd084d6bd9c9e840839377cf4') in 0.031220 seconds 
  Import took 0.034866 seconds .

========================================================================
Received Import Request.
  Time since last request: 74.222331 seconds.
  path: Assets/New Prefab.prefab
  artifactKey: Guid(60abd88820502844497a15d547159e2a) Importer(815301076,1909f56bfc062723c751e8b465ee728b)
Start importing Assets/New Prefab.prefab using Guid(60abd88820502844497a15d547159e2a) Importer(815301076,1909f56bfc062723c751e8b465ee728b)  -> (artifact id: 'a1e60263dec9f177f09961eb2457c158') in 0.009586 seconds 
  Import took 0.013343 seconds .

========================================================================
Received Import Request.
  Time since last request: 118.607603 seconds.
  path: Assets/prefab/hat.prefab
  artifactKey: Guid(16d361fb5fade594aa4944eff57c0962) Importer(815301076,1909f56bfc062723c751e8b465ee728b)
Start importing Assets/prefab/hat.prefab using Guid(16d361fb5fade594aa4944eff57c0962) Importer(815301076,1909f56bfc062723c751e8b465ee728b)  -> (artifact id: '82b0c3fdee613477c91e934e856deffd') in 0.022597 seconds 
  Import took 0.028026 seconds .

========================================================================
Received Import Request.
  Time since last request: 59.972001 seconds.
  path: Assets/prefab/helmet.prefab
  artifactKey: Guid(966b73f8a63b5454aaa288d0d3a1fb9b) Importer(815301076,1909f56bfc062723c751e8b465ee728b)
Start importing Assets/prefab/helmet.prefab using Guid(966b73f8a63b5454aaa288d0d3a1fb9b) Importer(815301076,1909f56bfc062723c751e8b465ee728b)  -> (artifact id: 'f4bc833483845d02db60aa4cb6084c64') in 0.016268 seconds 
  Import took 0.020030 seconds .

========================================================================
Received Import Request.
  Time since last request: 342.912342 seconds.
  path: Assets/animations/Defeated.fbx
  artifactKey: Guid(37950f34f9037a74296cec77a826e302) Importer(815301076,1909f56bfc062723c751e8b465ee728b)
Start importing Assets/animations/Defeated.fbx using Guid(37950f34f9037a74296cec77a826e302) Importer(815301076,1909f56bfc062723c751e8b465ee728b)  -> (artifact id: '439da50afa9520e2e32596e106487513') in 0.182737 seconds 
  Import took 0.186734 seconds .

========================================================================
Received Import Request.
  Time since last request: 0.000784 seconds.
  path: Assets/animations/Drunk Run Forward.fbx
  artifactKey: Guid(3acdadc9c0a8052479e733e923778124) Importer(815301076,1909f56bfc062723c751e8b465ee728b)
Start importing Assets/animations/Drunk Run Forward.fbx using Guid(3acdadc9c0a8052479e733e923778124) Importer(815301076,1909f56bfc062723c751e8b465ee728b)  -> (artifact id: '2e8f20355bcd370d049e87c87c39fe4d') in 0.056925 seconds 
  Import took 0.060294 seconds .

========================================================================
Received Import Request.
  Time since last request: 0.000664 seconds.
  path: Assets/animations/Hip Hop Dancing.fbx
  artifactKey: Guid(1547c2a448e131c4c82047ee8bb69cb1) Importer(815301076,1909f56bfc062723c751e8b465ee728b)
Start importing Assets/animations/Hip Hop Dancing.fbx using Guid(1547c2a448e131c4c82047ee8bb69cb1) Importer(815301076,1909f56bfc062723c751e8b465ee728b)  -> (artifact id: '1bdd028274da7e8eb2dff4c7191995e2') in 0.053518 seconds 
  Import took 0.056929 seconds .

========================================================================
Received Import Request.
  Time since last request: 456.886831 seconds.
  path: Assets/animations/Character.fbx
  artifactKey: Guid(dd0703f7a26dd97438a69cb375acbc45) Importer(815301076,1909f56bfc062723c751e8b465ee728b)
Start importing Assets/animations/Character.fbx using Guid(dd0703f7a26dd97438a69cb375acbc45) Importer(815301076,1909f56bfc062723c751e8b465ee728b)  -> (artifact id: 'bcd723918bfb37bec9e5153ceb3321fe') in 0.053516 seconds 
  Import took 0.058992 seconds .

========================================================================
Received Import Request.
  Time since last request: 779.042356 seconds.
  path: Assets/animations/Character.fbx
  artifactKey: Guid(dd0703f7a26dd97438a69cb375acbc45) Importer(815301076,1909f56bfc062723c751e8b465ee728b)
Start importing Assets/animations/Character.fbx using Guid(dd0703f7a26dd97438a69cb375acbc45) Importer(815301076,1909f56bfc062723c751e8b465ee728b)  -> (artifact id: '7e2751458b55035ce99ad5df2f9cab30') in 0.072315 seconds 
  Import took 0.076327 seconds .

========================================================================
Received Import Request.
  Time since last request: 44.063675 seconds.
  path: Assets/animations/pull your hand.fbx
  artifactKey: Guid(dd0703f7a26dd97438a69cb375acbc45) Importer(815301076,1909f56bfc062723c751e8b465ee728b)
Start importing Assets/animations/pull your hand.fbx using Guid(dd0703f7a26dd97438a69cb375acbc45) Importer(815301076,1909f56bfc062723c751e8b465ee728b)  -> (artifact id: 'be75ccc1ab04120bab3e5ff3e905c42f') in 0.062492 seconds 
  Import took 0.068310 seconds .

AssetImportWorkerClient::OnTransportError - code=2 error=End of file
